androidBaseDemo/build/outputs/logs/manifest-merger-debug-report.txt
-- Merging decision tree log ---
manifest
ADDED from src\main\AndroidManifest.xml:2:1-42:12
	package
		ADDED from src\main\AndroidManifest.xml:3:7-28
		INJECTED from src\main\AndroidManifest.xml
		INJECTED from src\main\AndroidManifest.xml
	android:versionName
		ADDED from src\main\AndroidManifest.xml:5:7-32
		INJECTED from src\main\AndroidManifest.xml
		INJECTED from src\main\AndroidManifest.xml
	android:versionCode
		ADDED from src\main\AndroidManifest.xml:4:7-30
		INJECTED from src\main\AndroidManifest.xml
		INJECTED from src\main\AndroidManifest.xml
	xmlns:android
		ADDED from src\main\AndroidManifest.xml:2:11-69
uses-sdk
ADDED from src\main\AndroidManifest.xml:6:5-43
	android:targetSdkVersion
		INJECTED from src\main\AndroidManifest.xml
		INJECTED from src\main\AndroidManifest.xml
	android:minSdkVersion
		ADDED from src\main\AndroidManifest.xml:6:15-40
		INJECTED from src\main\AndroidManifest.xml
		INJECTED from src\main\AndroidManifest.xml
application
ADDED from src\main\AndroidManifest.xml:8:5-40:19
	android:label
		ADDED from src\main\AndroidManifest.xml:8:48-80
	android:icon
		ADDED from src\main\AndroidManifest.xml:8:18-47
activity#com.cellcom.MainActivity
ADDED from src\main\AndroidManifest.xml:9:9-15:20
	android:label
		ADDED from src\main\AndroidManifest.xml:10:19-51
	android:name
		ADDED from src\main\AndroidManifest.xml:9:19-47
intent-filter#android.intent.action.MAIN+android.intent.category.LAUNCHER
ADDED from src\main\AndroidManifest.xml:11:13-14:29
action#android.intent.action.MAIN
ADDED from src\main\AndroidManifest.xml:12:17-69
	android:name
		ADDED from src\main\AndroidManifest.xml:12:25-66
category#android.intent.category.LAUNCHER
ADDED from src\main\AndroidManifest.xml:13:17-77
	android:name
		ADDED from src\main\AndroidManifest.xml:13:27-74
activity#com.cellcom.FrameLayoutActivity
ADDED from src\main\AndroidManifest.xml:17:3-51
	android:name
		ADDED from src\main\AndroidManifest.xml:17:13-48
activity#com.cellcom.RelativeAndLinearActivity
ADDED from src\main\AndroidManifest.xml:18:3-57
	android:name
		ADDED from src\main\AndroidManifest.xml:18:13-54
activity#com.cellcom.RelativeLayoutActivity
ADDED from src\main\AndroidManifest.xml:19:3-54
	android:name
		ADDED from src\main\AndroidManifest.xml:19:13-51
activity#com.cellcom.TableLayoutActivity
ADDED from src\main\AndroidManifest.xml:20:3-51
	android:name
		ADDED from src\main\AndroidManifest.xml:20:13-48
activity#com.cellcom.TabWidgetActivity
ADDED from src\main\AndroidManifest.xml:21:3-48
	android:name
		ADDED from src\main\AndroidManifest.xml:21:13-46
activity#com.cellcom.CheckBoxActivity
ADDED from src\main\AndroidManifest.xml:22:3-47
	android:name
		ADDED from src\main\AndroidManifest.xml:22:13-45
activity#com.cellcom.RadioGroupActivity
ADDED from src\main\AndroidManifest.xml:23:3-49
	android:name
		ADDED from src\main\AndroidManifest.xml:23:13-47
activity#com.cellcom.SpinnerActivity
ADDED from src\main\AndroidManifest.xml:24:3-46
	android:name
		ADDED from src\main\AndroidManifest.xml:24:13-44
activity#com.cellcom.AutoCompleteTextViewActivity
ADDED from src\main\AndroidManifest.xml:25:3-59
	android:name
		ADDED from src\main\AndroidManifest.xml:25:13-57
activity#com.cellcom.DatePickerActivity
ADDED from src\main\AndroidManifest.xml:26:3-49
	android:name
		ADDED from src\main\AndroidManifest.xml:26:13-47
activity#com.cellcom.ProgressBarHandlerActivity
ADDED from src\main\AndroidManifest.xml:27:3-57
	android:name
		ADDED from src\main\AndroidManifest.xml:27:13-55
activity#com.cellcom.RatingBarActivity
ADDED from src\main\AndroidManifest.xml:28:3-48
	android:name
		ADDED from src\main\AndroidManifest.xml:28:13-46
activity#com.cellcom.ImageShowActivity
ADDED from src\main\AndroidManifest.xml:29:3-48
	android:name
		ADDED from src\main\AndroidManifest.xml:29:13-46
activity#com.cellcom.GridViewActivity
ADDED from src\main\AndroidManifest.xml:30:3-47
	android:name
		ADDED from src\main\AndroidManifest.xml:30:13-45
activity#com.cellcom.TabDemoActivity
ADDED from src\main\AndroidManifest.xml:31:3-46
	android:name
		ADDED from src\main\AndroidManifest.xml:31:13-44
activity#com.cellcom.OptionsMenuActivity
ADDED from src\main\AndroidManifest.xml:32:3-50
	android:name
		ADDED from src\main\AndroidManifest.xml:32:13-48
activity#com.cellcom.ContextMenuActivity
ADDED from src\main\AndroidManifest.xml:33:3-50
	android:name
		ADDED from src\main\AndroidManifest.xml:33:13-48
activity#com.cellcom.SubMenuActivity
ADDED from src\main\AndroidManifest.xml:34:3-46
	android:name
		ADDED from src\main\AndroidManifest.xml:34:13-44
activity#com.cellcom.Bundle1Activity
ADDED from src\main\AndroidManifest.xml:35:3-56
	android:name
		ADDED from src\main\AndroidManifest.xml:35:13-44
activity#com.cellcom.Bundle2Activity
ADDED from src\main\AndroidManifest.xml:36:3-56
	android:name
		ADDED from src\main\AndroidManifest.xml:36:13-44
activity#com.cellcom.AlertDialogActivity
ADDED from src\main\AndroidManifest.xml:37:3-60
	android:name
		ADDED from src\main\AndroidManifest.xml:37:13-48
activity#com.cellcom.NotificationActivity
ADDED from src\main\AndroidManifest.xml:38:3-61
	android:name
		ADDED from src\main\AndroidManifest.xml:38:13-49
uses-permission#android.permission.VIBRATE
ADDED from src\main\AndroidManifest.xml:41:5-66
	android:name
		ADDED from src\main\AndroidManifest.xml:41:22-63